<?xml version="1.0" encoding="UTF-8"?>
<testng-results skipped="0" failed="1" total="2" passed="1">
  <reporter-output>
    <line>
      <![CDATA[Test Suite is going to start]]>
    </line>
    <line>
      <![CDATA[Starting Chrome browser in local configuration]]>
    </line>
    <line>
      <![CDATA[Started Chrome browser in local configuration]]>
    </line>
    <line>
      <![CDATA[Started the test case:createWordFile]]>
    </line>
    <line>
      <![CDATA[Completed the test case:createWordFile]]>
    </line>
    <line>
      <![CDATA[Closing the browser session after the method gets executed in progress]]>
    </line>
    <line>
      <![CDATA[Closed the browser session after the method gets executed]]>
    </line>
    <line>
      <![CDATA[Starting Chrome browser in local configuration]]>
    </line>
    <line>
      <![CDATA[Started Chrome browser in local configuration]]>
    </line>
    <line>
      <![CDATA[Started the test case:deleteWordFile]]>
    </line>
    <line>
      <![CDATA[Closing the browser session after the method gets executed in progress]]>
    </line>
    <line>
      <![CDATA[Closed the browser session after the method gets executed]]>
    </line>
    <line>
      <![CDATA[Test Suite has completed, took around 180s]]>
    </line>
  </reporter-output>
  <suite name="One Drive Test Suite" duration-ms="180379" started-at="2015-05-22T18:35:36Z" finished-at="2015-05-22T18:38:37Z">
    <groups>
      <group name="sanityX">
        <method signature="OneDriveTests.createWordFile()[pri:0, instance:wdframework.tests.onedrive.OneDriveTests@f3d62aa]" name="createWordFile" class="wdframework.tests.onedrive.OneDriveTests"/>
        <method signature="OneDriveTests.deleteWordFile()[pri:0, instance:wdframework.tests.onedrive.OneDriveTests@f3d62aa]" name="deleteWordFile" class="wdframework.tests.onedrive.OneDriveTests"/>
      </group> <!-- sanityX -->
    </groups>
    <test name="One Drive Tests" duration-ms="180379" started-at="2015-05-22T18:35:36Z" finished-at="2015-05-22T18:38:37Z">
      <class name="wdframework.tests.onedrive.OneDriveTests">
        <test-method status="PASS" signature="startBrowser(org.testng.ITestContext)[pri:0, instance:wdframework.tests.onedrive.OneDriveTests@f3d62aa]" name="startBrowser" is-config="true" duration-ms="6041" started-at="2015-05-23T00:05:36Z" finished-at="2015-05-23T00:05:42Z">
          <params>
            <param index="0">
              <value>
                <![CDATA[org.testng.TestRunner@760f6dd4]]>
              </value>
            </param>
          </params>
          <reporter-output>
            <line>
              <![CDATA[Starting Chrome browser in local configuration]]>
            </line>
            <line>
              <![CDATA[Started Chrome browser in local configuration]]>
            </line>
          </reporter-output>
        </test-method> <!-- startBrowser -->
        <test-method status="PASS" signature="createWordFile()[pri:0, instance:wdframework.tests.onedrive.OneDriveTests@f3d62aa]" name="createWordFile" duration-ms="112169" started-at="2015-05-23T00:05:42Z" finished-at="2015-05-23T00:07:35Z">
          <reporter-output>
            <line>
              <![CDATA[Completed the test case:createWordFile]]>
            </line>
          </reporter-output>
        </test-method> <!-- createWordFile -->
        <test-method status="PASS" signature="stopBrowser()[pri:0, instance:wdframework.tests.onedrive.OneDriveTests@f3d62aa]" name="stopBrowser" is-config="true" duration-ms="1392" started-at="2015-05-23T00:07:35Z" finished-at="2015-05-23T00:07:36Z">
          <reporter-output>
            <line>
              <![CDATA[Closing the browser session after the method gets executed in progress]]>
            </line>
            <line>
              <![CDATA[Closed the browser session after the method gets executed]]>
            </line>
          </reporter-output>
        </test-method> <!-- stopBrowser -->
        <test-method status="PASS" signature="startBrowser(org.testng.ITestContext)[pri:0, instance:wdframework.tests.onedrive.OneDriveTests@f3d62aa]" name="startBrowser" is-config="true" duration-ms="5248" started-at="2015-05-23T00:07:36Z" finished-at="2015-05-23T00:07:41Z">
          <params>
            <param index="0">
              <value>
                <![CDATA[org.testng.TestRunner@760f6dd4]]>
              </value>
            </param>
          </params>
          <reporter-output>
            <line>
              <![CDATA[Starting Chrome browser in local configuration]]>
            </line>
            <line>
              <![CDATA[Started Chrome browser in local configuration]]>
            </line>
          </reporter-output>
        </test-method> <!-- startBrowser -->
        <test-method status="FAIL" signature="deleteWordFile()[pri:0, instance:wdframework.tests.onedrive.OneDriveTests@f3d62aa]" name="deleteWordFile" duration-ms="54038" started-at="2015-05-23T00:07:41Z" finished-at="2015-05-23T00:08:35Z">
          <exception class="java.lang.AssertionError">
            <message>
              <![CDATA[Folder deletion failed as new folder is not deleted expected [true] but found [false]]]>
            </message>
            <full-stacktrace>
              <![CDATA[java.lang.AssertionError: Folder deletion failed as new folder is not deleted expected [true] but found [false]
	at org.testng.Assert.fail(Assert.java:94)
	at org.testng.Assert.failNotEquals(Assert.java:494)
	at org.testng.Assert.assertTrue(Assert.java:42)
	at wdframework.action.onedrive.OneDriveAction.deleteFile(OneDriveAction.java:249)
	at wdframework.tests.onedrive.OneDriveTests.deleteWordFile(OneDriveTests.java:85)
	at sun.reflect.NativeMethodAccessorImpl.invoke0(Native Method)
	at sun.reflect.NativeMethodAccessorImpl.invoke(NativeMethodAccessorImpl.java:57)
	at sun.reflect.DelegatingMethodAccessorImpl.invoke(DelegatingMethodAccessorImpl.java:43)
	at java.lang.reflect.Method.invoke(Method.java:606)
	at org.testng.internal.MethodInvocationHelper.invokeMethod(MethodInvocationHelper.java:84)
	at org.testng.internal.Invoker.invokeMethod(Invoker.java:714)
	at org.testng.internal.Invoker.invokeTestMethod(Invoker.java:901)
	at org.testng.internal.Invoker.invokeTestMethods(Invoker.java:1231)
	at org.testng.internal.TestMethodWorker.invokeTestMethods(TestMethodWorker.java:127)
	at org.testng.internal.TestMethodWorker.run(TestMethodWorker.java:111)
	at org.testng.TestRunner.privateRun(TestRunner.java:767)
	at org.testng.TestRunner.run(TestRunner.java:617)
	at org.testng.SuiteRunner.runTest(SuiteRunner.java:334)
	at org.testng.SuiteRunner.runSequentially(SuiteRunner.java:329)
	at org.testng.SuiteRunner.privateRun(SuiteRunner.java:291)
	at org.testng.SuiteRunner.run(SuiteRunner.java:240)
	at org.testng.SuiteRunnerWorker.runSuite(SuiteRunnerWorker.java:52)
	at org.testng.SuiteRunnerWorker.run(SuiteRunnerWorker.java:86)
	at org.testng.TestNG.runSuitesSequentially(TestNG.java:1224)
	at org.testng.TestNG.runSuitesLocally(TestNG.java:1149)
	at org.testng.TestNG.run(TestNG.java:1057)
	at org.testng.remote.RemoteTestNG.run(RemoteTestNG.java:111)
	at org.testng.remote.RemoteTestNG.initAndRun(RemoteTestNG.java:204)
	at org.testng.remote.RemoteTestNG.main(RemoteTestNG.java:175)
]]>
            </full-stacktrace>
          </exception> <!-- java.lang.AssertionError -->
          <reporter-output>
          </reporter-output>
        </test-method> <!-- deleteWordFile -->
        <test-method status="PASS" signature="stopBrowser()[pri:0, instance:wdframework.tests.onedrive.OneDriveTests@f3d62aa]" name="stopBrowser" is-config="true" duration-ms="1458" started-at="2015-05-23T00:08:35Z" finished-at="2015-05-23T00:08:37Z">
          <reporter-output>
            <line>
              <![CDATA[Closing the browser session after the method gets executed in progress]]>
            </line>
            <line>
              <![CDATA[Closed the browser session after the method gets executed]]>
            </line>
          </reporter-output>
        </test-method> <!-- stopBrowser -->
      </class> <!-- wdframework.tests.onedrive.OneDriveTests -->
    </test> <!-- One Drive Tests -->
  </suite> <!-- One Drive Test Suite -->
</testng-results>
